12:39:15  异常信息：System.Net.WebException: 无法连接到远程服务器 ---> System.Net.Sockets.SocketException: 由于目标计算机积极拒绝，无法连接。 127.0.0.1:8010
   在 System.Net.Sockets.Socket.DoConnect(EndPoint endPointSnapshot, SocketAddress socketAddress)
   在 System.Net.ServicePoint.ConnectSocketInternal(Boolean connectFailure, Socket s4, Socket s6, Socket& socket, IPAddress& address, ConnectSocketState state, IAsyncResult asyncResult, Exception& exception)
   --- 内部异常堆栈跟踪的结尾 ---
   在 System.Net.HttpWebRequest.GetResponse()
   在 System.Xml.XmlDownloadManager.GetNonFileStream(Uri uri, ICredentials credentials, IWebProxy proxy, RequestCachePolicy cachePolicy)
   在 System.Xml.XmlDownloadManager.GetStream(Uri uri, ICredentials credentials, IWebProxy proxy, RequestCachePolicy cachePolicy)
   在 System.Xml.XmlUrlResolver.GetEntity(Uri absoluteUri, String role, Type ofObjectToReturn)
   在 System.Xml.XmlTextReaderImpl.OpenUrlDelegate(Object xmlResolver)
   在 System.Threading.CompressedStack.runTryCode(Object userData)
   在 System.Runtime.CompilerServices.RuntimeHelpers.ExecuteCodeWithGuaranteedCleanup(TryCode code, CleanupCode backoutCode, Object userData)
   在 System.Threading.CompressedStack.Run(CompressedStack compressedStack, ContextCallback callback, Object state)
   在 System.Xml.XmlTextReaderImpl.OpenUrl()
   在 System.Xml.XmlTextReaderImpl.Read()
   在 System.Xml.XmlLoader.Load(XmlDocument doc, XmlReader reader, Boolean preserveWhitespace)
   在 System.Xml.XmlDocument.Load(XmlReader reader)
   在 System.Xml.XmlDocument.Load(String filename)
   在 CAutoUpdater.AutoUpdater.ParseRemoteXml(String xml)
   在 CAutoUpdater.AutoUpdater.Update()
   在 RDIFramework.NET.AppStart.Main(String[] args) 位置 E:\E420\My\Framework\RDIFramework.NET V3.0\RDIFramework.NET V3.0\Code\RDIFramework.NET\AppStart.cs:行号 45
12:39:21  异常信息：System.NullReferenceException: 未将对象引用设置到对象的实例。
   在 CAutoUpdater.AutoUpdater.RollBack()
   在 RDIFramework.NET.AppStart.Main(String[] args) 位置 E:\E420\My\Framework\RDIFramework.NET V3.0\RDIFramework.NET V3.0\Code\RDIFramework.NET\AppStart.cs:行号 84
